22
39
1
1
1
1
6
1
6
1
1
1
1
1
1
1
1
5
4
1
1
1
1
1
4 0 3 (-128.000000 -1632.000000 -2128.000000) (-128.000000 -1600.000000 -2128.000000) (-128.000000 -1600.000000 -3072.000000) (-128.000000 -1632.000000 -3072.000000) 
4 1 11 (-128.000000 -1666.000000 -3040.000000) (-128.000000 -2016.000000 -3040.000000) (-128.000000 -2016.000000 -2560.000000) (-128.000000 -1666.000000 -2560.000000) 
4 1 6 (-128.000000 -1632.000000 -2704.000000) (-128.000000 -1632.000000 -2896.000000) (-128.000000 -1666.000000 -2896.000000) (-128.000000 -1666.000000 -2704.000000) 
4 1 4 (-128.000000 -1632.000000 -2160.000000) (-128.000000 -1632.000000 -2560.000000) (-128.000000 -2016.000000 -2560.000000) (-128.000000 -2016.000000 -2160.000000) 
4 2 12 (-128.000000 -2048.000000 -2128.000000) (-128.000000 -2016.000000 -2128.000000) (-128.000000 -2016.000000 -3072.000000) (-128.000000 -2048.000000 -3072.000000) 
4 3 13 (-768.000000 -1632.000000 -3072.000000) (-768.000000 -1632.000000 -2128.000000) (-768.000000 -1600.000000 -2128.000000) (-768.000000 -1600.000000 -3072.000000) 
4 4 20 (-768.000000 -2016.000000 -2560.000000) (-768.000000 -2016.000000 -2160.000000) (-768.000000 -1666.000000 -2160.000000) (-768.000000 -1666.000000 -2560.000000) 
4 4 14 (-768.000000 -1666.000000 -2160.000000) (-768.000000 -1632.000000 -2160.000000) (-768.000000 -1632.000000 -2560.000000) (-768.000000 -1666.000000 -2560.000000) 
4 4 11 (-768.000000 -2016.000000 -2560.000000) (-768.000000 -1666.000000 -2560.000000) (-128.000000 -1666.000000 -2560.000000) (-128.000000 -2016.000000 -2560.000000) 
4 4 5 (-768.000000 -1666.000000 -2560.000000) (-768.000000 -1632.000000 -2560.000000) (-384.000000 -1632.000000 -2560.000000) (-384.000000 -1666.000000 -2560.000000) 
4 5 14 (-768.000000 -1666.000000 -2560.000000) (-768.000000 -1632.000000 -2560.000000) (-768.000000 -1632.000000 -2704.000000) (-768.000000 -1666.000000 -2704.000000) 
4 5 11 (-768.000000 -1666.000000 -2560.000000) (-768.000000 -1666.000000 -2704.000000) (-384.000000 -1666.000000 -2704.000000) (-384.000000 -1666.000000 -2560.000000) 
4 5 6 (-384.000000 -1666.000000 -2704.000000) (-448.000000 -1666.000000 -2704.000000) (-448.000000 -1632.000000 -2704.000000) (-384.000000 -1632.000000 -2704.000000) 
4 5 8 (-448.000000 -1666.000000 -2704.000000) (-768.000000 -1666.000000 -2704.000000) (-768.000000 -1632.000000 -2704.000000) (-448.000000 -1632.000000 -2704.000000) 
4 6 11 (-128.000000 -1666.000000 -2896.000000) (-128.000000 -1666.000000 -2704.000000) (-448.000000 -1666.000000 -2704.000000) (-448.000000 -1666.000000 -2896.000000) 
4 6 7 (-432.000000 -1666.000000 -2896.000000) (-448.000000 -1666.000000 -2896.000000) (-448.000000 -1632.000000 -2896.000000) (-432.000000 -1632.000000 -2896.000000) 
4 6 8 (-448.000000 -1666.000000 -2896.000000) (-448.000000 -1666.000000 -2704.000000) (-448.000000 -1632.000000 -2704.000000) (-448.000000 -1632.000000 -2896.000000) 
3 7 11 (-432.000000 -1666.000000 -2896.000000) (-448.000000 -1666.000000 -2896.000000) (-448.000000 -1666.000000 -2912.000000) 
4 7 8 (-448.000000 -1666.000000 -2912.000000) (-448.000000 -1666.000000 -2896.000000) (-448.000000 -1632.000000 -2896.000000) (-448.000000 -1632.000000 -2912.000000) 
4 8 14 (-768.000000 -1632.000000 -2704.000000) (-768.000000 -1632.000000 -2960.000000) (-768.000000 -1666.000000 -2960.000000) (-768.000000 -1666.000000 -2704.000000) 
4 8 11 (-768.000000 -1666.000000 -2704.000000) (-768.000000 -1666.000000 -2960.000000) (-448.000000 -1666.000000 -2960.000000) (-448.000000 -1666.000000 -2704.000000) 
4 8 9 (-704.000000 -1632.000000 -2960.000000) (-480.000000 -1632.000000 -2960.000000) (-480.000000 -1666.000000 -2960.000000) (-704.000000 -1666.000000 -2960.000000) 
4 8 10 (-768.000000 -1666.000000 -2960.000000) (-768.000000 -1632.000000 -2960.000000) (-752.000000 -1632.000000 -2960.000000) (-752.000000 -1666.000000 -2960.000000) 
4 9 11 (-672.000000 -1666.000000 -2984.000000) (-512.000000 -1666.000000 -2984.000000) (-480.000000 -1666.000000 -2960.000000) (-704.000000 -1666.000000 -2960.000000) 
4 10 14 (-768.000000 -1632.000000 -2960.000000) (-768.000000 -1632.000000 -2976.000000) (-768.000000 -1666.000000 -2976.000000) (-768.000000 -1666.000000 -2960.000000) 
3 10 11 (-768.000000 -1666.000000 -2960.000000) (-768.000000 -1666.000000 -2976.000000) (-752.000000 -1666.000000 -2960.000000) 
4 11 20 (-768.000000 -2016.000000 -3040.000000) (-768.000000 -2016.000000 -2560.000000) (-768.000000 -1666.000000 -2560.000000) (-768.000000 -1666.000000 -3040.000000) 
4 12 21 (-768.000000 -2048.000000 -3072.000000) (-768.000000 -2048.000000 -2128.000000) (-768.000000 -2016.000000 -2128.000000) (-768.000000 -2016.000000 -3072.000000) 
4 14 20 (-768.000000 -1666.000000 -3008.000000) (-768.000000 -1666.000000 -2160.000000) (-1728.000000 -1666.000000 -2160.000000) (-1728.000000 -1666.000000 -3008.000000) 
4 14 19 (-1120.000000 -1632.000000 -3008.000000) (-896.000000 -1632.000000 -3008.000000) (-896.000000 -1666.000000 -3008.000000) (-1120.000000 -1666.000000 -3008.000000) 
4 14 18 (-1504.000000 -1632.000000 -3008.000000) (-1280.000000 -1632.000000 -3008.000000) (-1280.000000 -1666.000000 -3008.000000) (-1504.000000 -1666.000000 -3008.000000) 
4 14 16 (-1728.000000 -1632.000000 -3008.000000) (-1728.000000 -1666.000000 -3008.000000) (-1728.000000 -1666.000000 -2912.000000) (-1728.000000 -1632.000000 -2912.000000) 
4 14 15 (-1728.000000 -1666.000000 -2880.000000) (-1728.000000 -1666.000000 -2160.000000) (-1728.000000 -1632.000000 -2160.000000) (-1728.000000 -1632.000000 -2880.000000) 
4 15 20 (-1728.000000 -1666.000000 -2160.000000) (-1984.000000 -1666.000000 -2160.000000) (-1984.000000 -1666.000000 -2880.000000) (-1728.000000 -1666.000000 -2880.000000) 
4 15 17 (-1984.000000 -1632.000000 -2160.000000) (-1984.000000 -1632.000000 -2752.000000) (-1984.000000 -1666.000000 -2752.000000) (-1984.000000 -1666.000000 -2160.000000) 
4 16 20 (-1984.000000 -1666.000000 -2912.000000) (-1984.000000 -1666.000000 -3008.000000) (-1728.000000 -1666.000000 -3008.000000) (-1728.000000 -1666.000000 -2912.000000) 
4 17 20 (-1984.000000 -1666.000000 -2160.000000) (-2016.000000 -1666.000000 -2160.000000) (-2016.000000 -1666.000000 -2752.000000) (-1984.000000 -1666.000000 -2752.000000) 
4 18 20 (-1280.000000 -1666.000000 -3008.000000) (-1504.000000 -1666.000000 -3008.000000) (-1472.000000 -1666.000000 -3032.000000) (-1312.000000 -1666.000000 -3032.000000) 
4 19 20 (-896.000000 -1666.000000 -3008.000000) (-1120.000000 -1666.000000 -3008.000000) (-1088.000000 -1666.000000 -3032.000000) (-928.000000 -1666.000000 -3032.000000) 
